[{"line":2,"elements":[{"line":6,"name":"","description":"","type":"background","keyword":"Background","steps":[{"result":{"duration":1442200,"status":"skipped"},"line":7,"name":"User is on retail website","match":{"location":"tek.sdet.framework.steps.HomeSteps.userIsOnRetailWebsite()"},"keyword":"Given "},{"result":{"duration":4002000,"status":"skipped"},"line":8,"name":"User click on Sign in option","match":{"location":"tek.sdet.framework.steps.SignInSteps.userClickOnSignInOption()"},"keyword":"When "}]},{"start_timestamp":"2024-09-12T03:22:44.228Z","before":[{"result":{"error_message":"org.openqa.selenium.SessionNotCreatedException: Could not start a new session. Response code 500. Message: session not created: This version of ChromeDriver only supports Chrome version 114\nCurrent browser version is 128.0.6613.120 with binary path C:\\Program Files (x86)\\Google\\Chrome\\Application\\chrome.exe\nBuild info: version: '4.4.0', revision: 'e5c75ed026a'\nSystem info: host: 'DESKTOP-60GAQQA', ip: '100.126.4.31', os.name: 'Windows 11', os.arch: 'amd64', os.version: '10.0', java.version: '11.0.15.1'\nDriver info: org.openqa.selenium.chrome.ChromeDriver\nCommand: [null, newSession {capabilities=[Capabilities {browserName: chrome, goog:chromeOptions: {args: [], extensions: []}}], desiredCapabilities=Capabilities {browserName: chrome, goog:chromeOptions: {args: [], extensions: []}}}]\r\n\tat org.openqa.selenium.remote.ProtocolHandshake.createSession(ProtocolHandshake.java:144)\r\n\tat org.openqa.selenium.remote.ProtocolHandshake.createSession(ProtocolHandshake.java:102)\r\n\tat org.openqa.selenium.remote.ProtocolHandshake.createSession(ProtocolHandshake.java:67)\r\n\tat org.openqa.selenium.remote.HttpCommandExecutor.execute(HttpCommandExecutor.java:156)\r\n\tat org.openqa.selenium.remote.service.DriverCommandExecutor.invokeExecute(DriverCommandExecutor.java:167)\r\n\tat org.openqa.selenium.remote.service.DriverCommandExecutor.execute(DriverCommandExecutor.java:142)\r\n\tat org.openqa.selenium.remote.RemoteWebDriver.execute(RemoteWebDriver.java:547)\r\n\tat org.openqa.selenium.remote.RemoteWebDriver.startSession(RemoteWebDriver.java:242)\r\n\tat org.openqa.selenium.remote.RemoteWebDriver.<init>(RemoteWebDriver.java:157)\r\n\tat org.openqa.selenium.chromium.ChromiumDriver.<init>(ChromiumDriver.java:101)\r\n\tat org.openqa.selenium.chrome.ChromeDriver.<init>(ChromeDriver.java:81)\r\n\tat org.openqa.selenium.chrome.ChromeDriver.<init>(ChromeDriver.java:49)\r\n\tat tek.sdet.framework.config.ChromeBrowser.openBrowser(ChromeBrowser.java:12)\r\n\tat tek.sdet.framework.base.BaseSetup.setupBrowser(BaseSetup.java:53)\r\n\tat tek.sdet.framework.base.BaseUITest.setupTests(BaseUITest.java:9)\r\n","duration":8948932800,"status":"failed"},"match":{"location":"tek.sdet.framework.base.BaseUITest.setupTests()"}}],"line":10,"name":"Verify user can sign in into Retail Application","description":"","id":"sign-in-feature;verify-user-can-sign-in-into-retail-application","after":[{"result":{"error_message":"java.lang.NullPointerException\r\n\tat tek.sdet.framework.utilities.CommonUtility.takeScreenShotAsBytes(CommonUtility.java:47)\r\n\tat tek.sdet.framework.base.BaseUITest.closeTests(BaseUITest.java:14)\r\n","duration":7520100,"status":"failed"},"match":{"location":"tek.sdet.framework.base.BaseUITest.closeTests(io.cucumber.java.Scenario)"}}],"type":"scenario","keyword":"Scenario","steps":[{"result":{"status":"skipped"},"line":11,"name":"User enter email  \"kumar.nagarajan@tekschool.us\" and password \"Kuilaudi12**\"","match":{},"keyword":"And "},{"result":{"status":"skipped"},"line":12,"name":"User click on login button","match":{"location":"tek.sdet.framework.steps.SignInSteps.userClickOnLoginButton()"},"keyword":"And "},{"result":{"duration":1000200,"status":"skipped"},"line":13,"name":"User should be logged in into Account","match":{"location":"tek.sdet.framework.steps.SignInSteps.userShouldBeLoggedInIntoAccount()"},"keyword":"Then "}],"tags":[{"name":"@smoke"},{"name":"@smoke(order=3)"}]},{"line":6,"name":"","description":"","type":"background","keyword":"Background","steps":[{"result":{"duration":1247000,"status":"skipped"},"line":7,"name":"User is on retail website","match":{"location":"tek.sdet.framework.steps.HomeSteps.userIsOnRetailWebsite()"},"keyword":"Given "},{"result":{"status":"skipped"},"line":8,"name":"User click on Sign in option","match":{"location":"tek.sdet.framework.steps.SignInSteps.userClickOnSignInOption()"},"keyword":"When "}]},{"start_timestamp":"2024-09-12T03:22:53.327Z","before":[{"result":{"error_message":"org.openqa.selenium.SessionNotCreatedException: Could not start a new session. Response code 500. Message: session not created: This version of ChromeDriver only supports Chrome version 114\nCurrent browser version is 128.0.6613.120 with binary path C:\\Program Files (x86)\\Google\\Chrome\\Application\\chrome.exe\nBuild info: version: '4.4.0', revision: 'e5c75ed026a'\nSystem info: host: 'DESKTOP-60GAQQA', ip: '100.126.4.31', os.name: 'Windows 11', os.arch: 'amd64', os.version: '10.0', java.version: '11.0.15.1'\nDriver info: org.openqa.selenium.chrome.ChromeDriver\nCommand: [null, newSession {capabilities=[Capabilities {browserName: chrome, goog:chromeOptions: {args: [], extensions: []}}], desiredCapabilities=Capabilities {browserName: chrome, goog:chromeOptions: {args: [], extensions: []}}}]\r\n\tat org.openqa.selenium.remote.ProtocolHandshake.createSession(ProtocolHandshake.java:144)\r\n\tat org.openqa.selenium.remote.ProtocolHandshake.createSession(ProtocolHandshake.java:102)\r\n\tat org.openqa.selenium.remote.ProtocolHandshake.createSession(ProtocolHandshake.java:67)\r\n\tat org.openqa.selenium.remote.HttpCommandExecutor.execute(HttpCommandExecutor.java:156)\r\n\tat org.openqa.selenium.remote.service.DriverCommandExecutor.invokeExecute(DriverCommandExecutor.java:167)\r\n\tat org.openqa.selenium.remote.service.DriverCommandExecutor.execute(DriverCommandExecutor.java:142)\r\n\tat org.openqa.selenium.remote.RemoteWebDriver.execute(RemoteWebDriver.java:547)\r\n\tat org.openqa.selenium.remote.RemoteWebDriver.startSession(RemoteWebDriver.java:242)\r\n\tat org.openqa.selenium.remote.RemoteWebDriver.<init>(RemoteWebDriver.java:157)\r\n\tat org.openqa.selenium.chromium.ChromiumDriver.<init>(ChromiumDriver.java:101)\r\n\tat org.openqa.selenium.chrome.ChromeDriver.<init>(ChromeDriver.java:81)\r\n\tat org.openqa.selenium.chrome.ChromeDriver.<init>(ChromeDriver.java:49)\r\n\tat tek.sdet.framework.config.ChromeBrowser.openBrowser(ChromeBrowser.java:12)\r\n\tat tek.sdet.framework.base.BaseSetup.setupBrowser(BaseSetup.java:53)\r\n\tat tek.sdet.framework.base.BaseUITest.setupTests(BaseUITest.java:9)\r\n","duration":3652726900,"status":"failed"},"match":{"location":"tek.sdet.framework.base.BaseUITest.setupTests()"}}],"line":23,"name":"Verify user can login with different email and pass","description":"","id":"sign-in-feature;verify-user-can-login-with-different-email-and-pass;;2","after":[{"result":{"error_message":"java.lang.NullPointerException\r\n\tat tek.sdet.framework.utilities.CommonUtility.takeScreenShotAsBytes(CommonUtility.java:47)\r\n\tat tek.sdet.framework.base.BaseUITest.closeTests(BaseUITest.java:14)\r\n","duration":1069300,"status":"failed"},"match":{"location":"tek.sdet.framework.base.BaseUITest.closeTests(io.cucumber.java.Scenario)"}}],"type":"scenario","keyword":"Scenario Outline","steps":[{"result":{"status":"skipped"},"line":17,"name":"User enter email 'kumar.nagarajan@tekschool.us' and password 'Kuilaudi12**'","match":{"arguments":[{"val":"'kumar.nagarajan@tekschool.us'","offset":17},{"val":"'Kuilaudi12**'","offset":61}],"location":"tek.sdet.framework.steps.SignInSteps.userEnterEmailAndPassword(java.lang.String,java.lang.String)"},"keyword":"And "},{"result":{"status":"skipped"},"line":18,"name":"User click on login button","match":{"location":"tek.sdet.framework.steps.SignInSteps.userClickOnLoginButton()"},"keyword":"And "},{"result":{"duration":1000100,"status":"skipped"},"line":19,"name":"User should be logged in into Account","match":{"location":"tek.sdet.framework.steps.SignInSteps.userShouldBeLoggedInIntoAccount()"},"keyword":"Then "}],"tags":[{"name":"@smoke"},{"name":"@smoke(order=2)"}]},{"line":6,"name":"","description":"","type":"background","keyword":"Background","steps":[{"result":{"duration":1999700,"status":"skipped"},"line":7,"name":"User is on retail website","match":{"location":"tek.sdet.framework.steps.HomeSteps.userIsOnRetailWebsite()"},"keyword":"Given "},{"result":{"status":"skipped"},"line":8,"name":"User click on Sign in option","match":{"location":"tek.sdet.framework.steps.SignInSteps.userClickOnSignInOption()"},"keyword":"When "}]},{"start_timestamp":"2024-09-12T03:22:57.020Z","before":[{"result":{"error_message":"org.openqa.selenium.SessionNotCreatedException: Could not start a new session. Response code 500. Message: session not created: This version of ChromeDriver only supports Chrome version 114\nCurrent browser version is 128.0.6613.120 with binary path C:\\Program Files (x86)\\Google\\Chrome\\Application\\chrome.exe\nBuild info: version: '4.4.0', revision: 'e5c75ed026a'\nSystem info: host: 'DESKTOP-60GAQQA', ip: '100.126.4.31', os.name: 'Windows 11', os.arch: 'amd64', os.version: '10.0', java.version: '11.0.15.1'\nDriver info: org.openqa.selenium.chrome.ChromeDriver\nCommand: [null, newSession {capabilities=[Capabilities {browserName: chrome, goog:chromeOptions: {args: [], extensions: []}}], desiredCapabilities=Capabilities {browserName: chrome, goog:chromeOptions: {args: [], extensions: []}}}]\r\n\tat org.openqa.selenium.remote.ProtocolHandshake.createSession(ProtocolHandshake.java:144)\r\n\tat org.openqa.selenium.remote.ProtocolHandshake.createSession(ProtocolHandshake.java:102)\r\n\tat org.openqa.selenium.remote.ProtocolHandshake.createSession(ProtocolHandshake.java:67)\r\n\tat org.openqa.selenium.remote.HttpCommandExecutor.execute(HttpCommandExecutor.java:156)\r\n\tat org.openqa.selenium.remote.service.DriverCommandExecutor.invokeExecute(DriverCommandExecutor.java:167)\r\n\tat org.openqa.selenium.remote.service.DriverCommandExecutor.execute(DriverCommandExecutor.java:142)\r\n\tat org.openqa.selenium.remote.RemoteWebDriver.execute(RemoteWebDriver.java:547)\r\n\tat org.openqa.selenium.remote.RemoteWebDriver.startSession(RemoteWebDriver.java:242)\r\n\tat org.openqa.selenium.remote.RemoteWebDriver.<init>(RemoteWebDriver.java:157)\r\n\tat org.openqa.selenium.chromium.ChromiumDriver.<init>(ChromiumDriver.java:101)\r\n\tat org.openqa.selenium.chrome.ChromeDriver.<init>(ChromeDriver.java:81)\r\n\tat org.openqa.selenium.chrome.ChromeDriver.<init>(ChromeDriver.java:49)\r\n\tat tek.sdet.framework.config.ChromeBrowser.openBrowser(ChromeBrowser.java:12)\r\n\tat tek.sdet.framework.base.BaseSetup.setupBrowser(BaseSetup.java:53)\r\n\tat tek.sdet.framework.base.BaseUITest.setupTests(BaseUITest.java:9)\r\n","duration":3600528500,"status":"failed"},"match":{"location":"tek.sdet.framework.base.BaseUITest.setupTests()"}}],"line":24,"name":"Verify user can login with different email and pass","description":"","id":"sign-in-feature;verify-user-can-login-with-different-email-and-pass;;3","after":[{"result":{"error_message":"java.lang.NullPointerException\r\n\tat tek.sdet.framework.utilities.CommonUtility.takeScreenShotAsBytes(CommonUtility.java:47)\r\n\tat tek.sdet.framework.base.BaseUITest.closeTests(BaseUITest.java:14)\r\n","duration":1001700,"status":"failed"},"match":{"location":"tek.sdet.framework.base.BaseUITest.closeTests(io.cucumber.java.Scenario)"}}],"type":"scenario","keyword":"Scenario Outline","steps":[{"result":{"status":"skipped"},"line":17,"name":"User enter email 'test1234@tekschool.us' and password '$kK12345&'","match":{"arguments":[{"val":"'test1234@tekschool.us'","offset":17},{"val":"'$kK12345&'","offset":54}],"location":"tek.sdet.framework.steps.SignInSteps.userEnterEmailAndPassword(java.lang.String,java.lang.String)"},"keyword":"And "},{"result":{"status":"skipped"},"line":18,"name":"User click on login button","match":{"location":"tek.sdet.framework.steps.SignInSteps.userClickOnLoginButton()"},"keyword":"And "},{"result":{"duration":1002000,"status":"skipped"},"line":19,"name":"User should be logged in into Account","match":{"location":"tek.sdet.framework.steps.SignInSteps.userShouldBeLoggedInIntoAccount()"},"keyword":"Then "}],"tags":[{"name":"@smoke"},{"name":"@smoke(order=2)"}]},{"line":6,"name":"","description":"","type":"background","keyword":"Background","steps":[{"result":{"status":"skipped"},"line":7,"name":"User is on retail website","match":{"location":"tek.sdet.framework.steps.HomeSteps.userIsOnRetailWebsite()"},"keyword":"Given "},{"result":{"status":"skipped"},"line":8,"name":"User click on Sign in option","match":{"location":"tek.sdet.framework.steps.SignInSteps.userClickOnSignInOption()"},"keyword":"When "}]},{"start_timestamp":"2024-09-12T03:23:00.649Z","before":[{"result":{"error_message":"org.openqa.selenium.SessionNotCreatedException: Could not start a new session. Response code 500. Message: session not created: This version of ChromeDriver only supports Chrome version 114\nCurrent browser version is 128.0.6613.120 with binary path C:\\Program Files (x86)\\Google\\Chrome\\Application\\chrome.exe\nBuild info: version: '4.4.0', revision: 'e5c75ed026a'\nSystem info: host: 'DESKTOP-60GAQQA', ip: '100.126.4.31', os.name: 'Windows 11', os.arch: 'amd64', os.version: '10.0', java.version: '11.0.15.1'\nDriver info: org.openqa.selenium.chrome.ChromeDriver\nCommand: [null, newSession {capabilities=[Capabilities {browserName: chrome, goog:chromeOptions: {args: [], extensions: []}}], desiredCapabilities=Capabilities {browserName: chrome, goog:chromeOptions: {args: [], extensions: []}}}]\r\n\tat org.openqa.selenium.remote.ProtocolHandshake.createSession(ProtocolHandshake.java:144)\r\n\tat org.openqa.selenium.remote.ProtocolHandshake.createSession(ProtocolHandshake.java:102)\r\n\tat org.openqa.selenium.remote.ProtocolHandshake.createSession(ProtocolHandshake.java:67)\r\n\tat org.openqa.selenium.remote.HttpCommandExecutor.execute(HttpCommandExecutor.java:156)\r\n\tat org.openqa.selenium.remote.service.DriverCommandExecutor.invokeExecute(DriverCommandExecutor.java:167)\r\n\tat org.openqa.selenium.remote.service.DriverCommandExecutor.execute(DriverCommandExecutor.java:142)\r\n\tat org.openqa.selenium.remote.RemoteWebDriver.execute(RemoteWebDriver.java:547)\r\n\tat org.openqa.selenium.remote.RemoteWebDriver.startSession(RemoteWebDriver.java:242)\r\n\tat org.openqa.selenium.remote.RemoteWebDriver.<init>(RemoteWebDriver.java:157)\r\n\tat org.openqa.selenium.chromium.ChromiumDriver.<init>(ChromiumDriver.java:101)\r\n\tat org.openqa.selenium.chrome.ChromeDriver.<init>(ChromeDriver.java:81)\r\n\tat org.openqa.selenium.chrome.ChromeDriver.<init>(ChromeDriver.java:49)\r\n\tat tek.sdet.framework.config.ChromeBrowser.openBrowser(ChromeBrowser.java:12)\r\n\tat tek.sdet.framework.base.BaseSetup.setupBrowser(BaseSetup.java:53)\r\n\tat tek.sdet.framework.base.BaseUITest.setupTests(BaseUITest.java:9)\r\n","duration":3641056700,"status":"failed"},"match":{"location":"tek.sdet.framework.base.BaseUITest.setupTests()"}}],"line":25,"name":"Verify user can login with different email and pass","description":"","id":"sign-in-feature;verify-user-can-login-with-different-email-and-pass;;4","after":[{"result":{"error_message":"java.lang.NullPointerException\r\n\tat tek.sdet.framework.utilities.CommonUtility.takeScreenShotAsBytes(CommonUtility.java:47)\r\n\tat tek.sdet.framework.base.BaseUITest.closeTests(BaseUITest.java:14)\r\n","status":"failed"},"match":{"location":"tek.sdet.framework.base.BaseUITest.closeTests(io.cucumber.java.Scenario)"}}],"type":"scenario","keyword":"Scenario Outline","steps":[{"result":{"status":"skipped"},"line":17,"name":"User enter email 'test12348@tekschool.us' and password '$kK12345&'","match":{"arguments":[{"val":"'test12348@tekschool.us'","offset":17},{"val":"'$kK12345&'","offset":55}],"location":"tek.sdet.framework.steps.SignInSteps.userEnterEmailAndPassword(java.lang.String,java.lang.String)"},"keyword":"And "},{"result":{"status":"skipped"},"line":18,"name":"User click on login button","match":{"location":"tek.sdet.framework.steps.SignInSteps.userClickOnLoginButton()"},"keyword":"And "},{"result":{"status":"skipped"},"line":19,"name":"User should be logged in into Account","match":{"location":"tek.sdet.framework.steps.SignInSteps.userShouldBeLoggedInIntoAccount()"},"keyword":"Then "}],"tags":[{"name":"@smoke"},{"name":"@smoke(order=2)"}]},{"line":6,"name":"","description":"","type":"background","keyword":"Background","steps":[{"result":{"status":"skipped"},"line":7,"name":"User is on retail website","match":{"location":"tek.sdet.framework.steps.HomeSteps.userIsOnRetailWebsite()"},"keyword":"Given "},{"result":{"status":"skipped"},"line":8,"name":"User click on Sign in option","match":{"location":"tek.sdet.framework.steps.SignInSteps.userClickOnSignInOption()"},"keyword":"When "}]},{"start_timestamp":"2024-09-12T03:23:04.319Z","before":[{"result":{"error_message":"org.openqa.selenium.SessionNotCreatedException: Could not start a new session. Response code 500. Message: session not created: This version of ChromeDriver only supports Chrome version 114\nCurrent browser version is 128.0.6613.120 with binary path C:\\Program Files (x86)\\Google\\Chrome\\Application\\chrome.exe\nBuild info: version: '4.4.0', revision: 'e5c75ed026a'\nSystem info: host: 'DESKTOP-60GAQQA', ip: '100.126.4.31', os.name: 'Windows 11', os.arch: 'amd64', os.version: '10.0', java.version: '11.0.15.1'\nDriver info: org.openqa.selenium.chrome.ChromeDriver\nCommand: [null, newSession {capabilities=[Capabilities {browserName: chrome, goog:chromeOptions: {args: [], extensions: []}}], desiredCapabilities=Capabilities {browserName: chrome, goog:chromeOptions: {args: [], extensions: []}}}]\r\n\tat org.openqa.selenium.remote.ProtocolHandshake.createSession(ProtocolHandshake.java:144)\r\n\tat org.openqa.selenium.remote.ProtocolHandshake.createSession(ProtocolHandshake.java:102)\r\n\tat org.openqa.selenium.remote.ProtocolHandshake.createSession(ProtocolHandshake.java:67)\r\n\tat org.openqa.selenium.remote.HttpCommandExecutor.execute(HttpCommandExecutor.java:156)\r\n\tat org.openqa.selenium.remote.service.DriverCommandExecutor.invokeExecute(DriverCommandExecutor.java:167)\r\n\tat org.openqa.selenium.remote.service.DriverCommandExecutor.execute(DriverCommandExecutor.java:142)\r\n\tat org.openqa.selenium.remote.RemoteWebDriver.execute(RemoteWebDriver.java:547)\r\n\tat org.openqa.selenium.remote.RemoteWebDriver.startSession(RemoteWebDriver.java:242)\r\n\tat org.openqa.selenium.remote.RemoteWebDriver.<init>(RemoteWebDriver.java:157)\r\n\tat org.openqa.selenium.chromium.ChromiumDriver.<init>(ChromiumDriver.java:101)\r\n\tat org.openqa.selenium.chrome.ChromeDriver.<init>(ChromeDriver.java:81)\r\n\tat org.openqa.selenium.chrome.ChromeDriver.<init>(ChromeDriver.java:49)\r\n\tat tek.sdet.framework.config.ChromeBrowser.openBrowser(ChromeBrowser.java:12)\r\n\tat tek.sdet.framework.base.BaseSetup.setupBrowser(BaseSetup.java:53)\r\n\tat tek.sdet.framework.base.BaseUITest.setupTests(BaseUITest.java:9)\r\n","duration":3187113900,"status":"failed"},"match":{"location":"tek.sdet.framework.base.BaseUITest.setupTests()"}}],"line":27,"name":"verify user can create an account into retail website","description":"","id":"sign-in-feature;verify-user-can-create-an-account-into-retail-website","after":[{"result":{"error_message":"java.lang.NullPointerException\r\n\tat tek.sdet.framework.utilities.CommonUtility.takeScreenShotAsBytes(CommonUtility.java:47)\r\n\tat tek.sdet.framework.base.BaseUITest.closeTests(BaseUITest.java:14)\r\n","status":"failed"},"match":{"location":"tek.sdet.framework.base.BaseUITest.closeTests(io.cucumber.java.Scenario)"}}],"type":"scenario","keyword":"Scenario","steps":[{"result":{"status":"skipped"},"line":28,"name":"user click on create new account button","match":{"location":"tek.sdet.framework.steps.SignInSteps.UserClickOnCreateNewAccountButton()"},"keyword":"And "},{"result":{"status":"skipped"},"line":29,"name":"user fill the signup information  with below data","match":{"location":"tek.sdet.framework.steps.SignInSteps.UerFillTheSignupInformmationWithBelowData(io.cucumber.datatable.DataTable)"},"rows":[{"cells":["name","email","password","confirmpassword"]},{"cells":["kumar","test12345@tekschool.us","$kK12345&","$kK12345&"]}],"keyword":"And "},{"result":{"status":"skipped"},"line":32,"name":"user click on signup button","match":{"location":"tek.sdet.framework.steps.SignInSteps.UserClickOnSignupButton()"},"keyword":"And "},{"result":{"status":"skipped"},"line":33,"name":"user should be logged into account page","match":{"location":"tek.sdet.framework.steps.SignInSteps.UserShouldBeLoggedIntoAccountPage()"},"keyword":"Then "}],"tags":[{"name":"@smoke"},{"name":"@smoke(order=1)"}]}],"name":"Sign In Feature","description":"","id":"sign-in-feature","keyword":"Feature","uri":"classpath:features/SignIn.feature","tags":[{"name":"@smoke","type":"Tag","location":{"line":1,"column":1}}]}]